<?xml version="1.0" encoding="UTF-8"?>
<testng-results ignored="0" total="1" passed="1" failed="0" skipped="0">
  <reporter-output>
  </reporter-output>
  <suite started-at="2021-06-10T18:01:30 IDT" name="Default suite" finished-at="2021-06-10T18:01:57 IDT" duration-ms="27088">
    <groups>
    </groups>
    <test started-at="2021-06-10T18:01:30 IDT" name="Default test" finished-at="2021-06-10T18:01:57 IDT" duration-ms="27088">
      <class name="com.shahar.tests.WallaTest">
        <test-method is-config="true" signature="setup()[pri:0, instance:com.shahar.tests.WallaTest@2d2ffcb7]" started-at="2021-06-10T18:01:30 IDT" name="setup" finished-at="2021-06-10T18:01:54 IDT" duration-ms="23773" status="PASS">
          <reporter-output>
          </reporter-output>
        </test-method> <!-- setup -->
        <test-method signature="tc01_verifyDollarChangeRate()[pri:0, instance:com.shahar.tests.WallaTest@2d2ffcb7]" started-at="2021-06-10T18:01:54 IDT" name="tc01_verifyDollarChangeRate" description="Verify dollar current change rate" finished-at="2021-06-10T18:01:57 IDT" duration-ms="3286" status="PASS">
          <reporter-output>
          </reporter-output>
        </test-method> <!-- tc01_verifyDollarChangeRate -->
      </class> <!-- com.shahar.tests.WallaTest -->
    </test> <!-- Default test -->
  </suite> <!-- Default suite -->
</testng-results>
